2025-02-28 16:04:26,556 - INFO - 这是一条信息日志。
2025-02-28 16:04:26,557 - WARNING - 这是一条警告日志。
2025-02-28 16:04:26,557 - ERROR - 这是一条错误日志。
2025-02-28 16:04:26,557 - INFO - 游戏已保存到 saves/test_save.pkl
2025-02-28 16:04:26,557 - INFO - 从 saves/test_save.pkl 加载游戏成功！
2025-02-28 16:21:14,129 - INFO - 游戏启动！
2025-02-28 16:21:14,129 - INFO - 游戏状态更新中...
2025-02-28 16:21:15,134 - INFO - 游戏状态更新中...
2025-02-28 16:21:16,140 - INFO - 游戏状态更新中...
2025-02-28 16:21:17,141 - INFO - 游戏状态更新中...
2025-02-28 16:21:18,143 - INFO - 游戏状态更新中...
2025-02-28 16:21:19,147 - INFO - 游戏状态更新中...
2025-02-28 16:21:20,153 - INFO - 游戏状态更新中...
2025-02-28 16:21:21,155 - INFO - 游戏状态更新中...
2025-02-28 16:21:22,160 - INFO - 游戏状态更新中...
2025-02-28 16:21:23,172 - INFO - 游戏状态更新中...
2025-02-28 16:21:24,175 - INFO - 游戏状态更新中...
2025-02-28 16:21:25,181 - INFO - 游戏状态更新中...
2025-02-28 16:21:26,186 - INFO - 游戏状态更新中...
2025-02-28 16:21:27,192 - INFO - 游戏状态更新中...
2025-02-28 16:21:28,197 - INFO - 游戏状态更新中...
2025-02-28 16:21:29,202 - INFO - 游戏状态更新中...
2025-02-28 16:21:30,208 - INFO - 游戏状态更新中...
2025-02-28 16:21:31,213 - INFO - 游戏状态更新中...
2025-02-28 16:21:32,217 - INFO - 游戏状态更新中...
2025-02-28 16:21:33,222 - INFO - 游戏状态更新中...
2025-02-28 16:21:34,225 - INFO - 游戏状态更新中...
2025-02-28 16:21:35,228 - INFO - 游戏状态更新中...
2025-02-28 16:21:36,234 - INFO - 游戏状态更新中...
2025-02-28 16:21:37,239 - INFO - 游戏状态更新中...
2025-02-28 16:21:38,243 - INFO - 游戏状态更新中...
2025-02-28 16:21:39,246 - INFO - 游戏状态更新中...
2025-02-28 16:21:40,251 - INFO - 游戏状态更新中...
2025-02-28 16:21:41,257 - INFO - 游戏状态更新中...
2025-02-28 16:21:42,262 - INFO - 游戏状态更新中...
2025-02-28 16:21:43,263 - INFO - 游戏状态更新中...
2025-02-28 16:21:44,269 - INFO - 游戏状态更新中...
2025-02-28 16:21:45,275 - INFO - 游戏状态更新中...
2025-02-28 16:21:46,280 - INFO - 游戏状态更新中...
2025-02-28 16:21:47,285 - INFO - 游戏状态更新中...
2025-02-28 16:21:48,290 - INFO - 游戏状态更新中...
2025-02-28 16:21:49,293 - INFO - 游戏状态更新中...
2025-02-28 16:21:50,297 - INFO - 游戏状态更新中...
2025-02-28 16:21:51,300 - INFO - 游戏状态更新中...
2025-02-28 16:21:52,306 - INFO - 游戏状态更新中...
2025-02-28 16:21:53,310 - INFO - 游戏状态更新中...
2025-02-28 16:21:54,314 - INFO - 游戏状态更新中...
2025-02-28 16:21:55,318 - INFO - 游戏状态更新中...
2025-02-28 16:21:56,322 - INFO - 游戏状态更新中...
2025-02-28 16:21:57,328 - INFO - 游戏状态更新中...
2025-02-28 16:21:58,331 - INFO - 游戏状态更新中...
2025-02-28 16:21:59,336 - INFO - 游戏状态更新中...
2025-02-28 16:22:00,341 - INFO - 游戏状态更新中...
2025-02-28 16:22:01,347 - INFO - 游戏状态更新中...
2025-02-28 16:22:02,350 - INFO - 游戏状态更新中...
2025-02-28 16:22:03,355 - INFO - 游戏状态更新中...
2025-02-28 16:22:04,359 - INFO - 游戏状态更新中...
2025-02-28 16:22:05,362 - INFO - 游戏状态更新中...
2025-02-28 16:22:06,368 - INFO - 游戏状态更新中...
2025-02-28 16:22:07,373 - INFO - 游戏状态更新中...
2025-02-28 16:22:08,378 - INFO - 游戏状态更新中...
2025-02-28 16:22:09,383 - INFO - 游戏状态更新中...
2025-02-28 16:22:10,389 - INFO - 游戏状态更新中...
2025-02-28 16:22:11,394 - INFO - 游戏状态更新中...
2025-02-28 16:22:12,399 - INFO - 游戏状态更新中...
2025-02-28 16:22:13,405 - INFO - 游戏状态更新中...
2025-02-28 16:22:14,410 - INFO - 游戏状态更新中...
2025-02-28 16:22:15,413 - INFO - 游戏状态更新中...
2025-02-28 16:22:16,418 - INFO - 游戏状态更新中...
2025-02-28 16:22:17,242 - INFO - 游戏停止！
2025-02-28 16:31:55,691 - INFO - 游戏启动！
2025-02-28 16:31:55,692 - INFO - 游戏时间: 0小时 0分钟 1秒, 天气: 晴天
2025-02-28 16:31:56,697 - INFO - 游戏时间: 0小时 0分钟 2秒, 天气: 晴天
2025-02-28 16:31:57,702 - INFO - 游戏时间: 0小时 0分钟 3秒, 天气: 晴天
2025-02-28 16:31:58,708 - INFO - 游戏时间: 0小时 0分钟 4秒, 天气: 晴天
2025-02-28 16:31:59,713 - INFO - 游戏时间: 0小时 0分钟 5秒, 天气: 晴天
2025-02-28 16:31:59,714 - INFO - 事件触发: 弟子们在修炼中有所突破！
2025-02-28 16:32:00,719 - INFO - 游戏时间: 0小时 0分钟 6秒, 天气: 晴天
2025-02-28 16:32:01,725 - INFO - 游戏时间: 0小时 0分钟 7秒, 天气: 晴天
2025-02-28 16:32:02,730 - INFO - 游戏时间: 0小时 0分钟 8秒, 天气: 晴天
2025-02-28 16:32:03,735 - INFO - 游戏时间: 0小时 0分钟 9秒, 天气: 晴天
2025-02-28 16:32:36,677 - INFO - 游戏启动！
2025-02-28 16:32:36,677 - INFO - 游戏时间: 0小时 0分钟 1秒, 天气: 晴天
2025-02-28 16:32:37,682 - INFO - 游戏时间: 0小时 0分钟 2秒, 天气: 晴天
2025-02-28 16:32:38,687 - INFO - 游戏时间: 0小时 0分钟 3秒, 天气: 晴天
2025-02-28 16:32:39,693 - INFO - 游戏时间: 0小时 0分钟 4秒, 天气: 晴天
2025-02-28 16:32:40,698 - INFO - 游戏时间: 0小时 0分钟 5秒, 天气: 晴天
2025-02-28 16:32:40,699 - INFO - 事件触发: 门派资源增加了！
2025-02-28 16:32:41,704 - INFO - 游戏时间: 0小时 0分钟 6秒, 天气: 晴天
2025-02-28 16:32:42,710 - INFO - 游戏时间: 0小时 0分钟 7秒, 天气: 晴天
2025-02-28 16:32:43,715 - INFO - 游戏时间: 0小时 0分钟 8秒, 天气: 晴天
2025-02-28 16:32:44,720 - INFO - 游戏时间: 0小时 0分钟 9秒, 天气: 晴天
2025-02-28 16:32:45,725 - INFO - 游戏时间: 0小时 0分钟 10秒, 天气: 阴天
2025-02-28 16:32:45,726 - INFO - 事件触发: 弟子们在修炼中有所突破！
2025-02-28 16:32:46,727 - INFO - 游戏时间: 0小时 0分钟 11秒, 天气: 阴天
2025-02-28 16:32:47,728 - INFO - 游戏时间: 0小时 0分钟 12秒, 天气: 阴天
2025-02-28 16:32:48,733 - INFO - 游戏时间: 0小时 0分钟 13秒, 天气: 阴天
2025-02-28 16:32:49,739 - INFO - 游戏时间: 0小时 0分钟 14秒, 天气: 阴天
2025-02-28 16:32:50,744 - INFO - 游戏时间: 0小时 0分钟 15秒, 天气: 阴天
2025-02-28 16:32:50,745 - INFO - 事件触发: 弟子们在修炼中有所突破！
2025-02-28 16:32:51,748 - INFO - 游戏时间: 0小时 0分钟 16秒, 天气: 阴天
2025-02-28 16:32:52,750 - INFO - 游戏时间: 0小时 0分钟 17秒, 天气: 阴天
2025-02-28 16:32:52,927 - INFO - 游戏停止！
2025-02-28 16:44:26,572 - INFO - 创建了新的门派: 青云门
2025-02-28 16:44:26,572 - INFO - 招募了新的弟子: 李四
2025-02-28 16:44:26,572 - INFO - 李四 的修为提升到了 1.5！
2025-02-28 16:44:26,572 - INFO - 添加了 1000 个 灵石！
2025-02-28 16:44:26,572 - INFO - 事件触发: 门派资源增加了！
